2023-12-07 10:56:14
 -- main.cpp:12
2023-12-07 10:56:14
1234567890123 -- main.cpp:13
2023-12-07 10:56:14
1 -- main.cpp:14
2023-12-07 10:56:14
3.1415926 -- main.cpp:15
2023-12-07 10:56:14
1 -- main.cpp:16
2023-12-07 10:56:14
1 -- main.cpp:17
2023-12-07 10:56:14
1 -- main.cpp:18
2023-12-07 10:56:14
1 -- main.cpp:19
2023-12-07 10:56:14
1.6555556 -- main.cpp:20
2023-12-07 10:56:14
1 -- main.cpp:21
2023-12-07 10:56:14
c -- main.cpp:22
2023-12-07 10:56:14
abcdefg -- main.cpp:23
2023-12-07 10:56:14
This is a string -- main.cpp:24
